0 info it worked if it ends with ok
1 verbose cli [ '/usr/bin/node', '/usr/bin/npm', 'install', '--save', 'express' ]
2 info using npm@1.4.28
3 info using node@v0.10.32
4 verbose node symlink /usr/bin/node
5 warn package.json http@0.0.0 http is also the name of a node core module.
6 warn package.json http@0.0.0 No description
7 warn package.json http@0.0.0 No repository field.
8 warn package.json http@0.0.0 No README data
9 warn package.json net@1.0.2 net is also the name of a node core module.
10 warn package.json net@1.0.2 'repositories' (plural) Not supported. Please pick one as the 'repository' field
11 warn package.json net@1.0.2 No README data
12 verbose readDependencies using package.json deps
13 verbose cache add [ 'express', null ]
14 verbose cache add name=undefined spec="express" args=["express",null]
15 verbose parsed url { protocol: null,
15 verbose parsed url   slashes: null,
15 verbose parsed url   auth: null,
15 verbose parsed url   host: null,
15 verbose parsed url   port: null,
15 verbose parsed url   hostname: null,
15 verbose parsed url   hash: null,
15 verbose parsed url   search: null,
15 verbose parsed url   query: null,
15 verbose parsed url   pathname: 'express',
15 verbose parsed url   path: 'express',
15 verbose parsed url   href: 'express' }
16 silly lockFile f3c62de4-express express
17 verbose lock express /home/ronny/.npm/f3c62de4-express.lock
18 silly lockFile f3c62de4-express express
19 silly lockFile f3c62de4-express express
20 verbose addNamed [ 'express', '' ]
21 verbose addNamed [ null, '*' ]
22 silly lockFile 64a534c1-express express@
23 verbose lock express@ /home/ronny/.npm/64a534c1-express.lock
24 silly addNameRange { name: 'express', range: '*', hasData: false }
25 verbose request where is /express
26 verbose request registry https://registry.npmjs.org/
27 verbose request id ed40fe5bf053059f
28 verbose url raw /express
29 verbose url resolving [ 'https://registry.npmjs.org/', './express' ]
30 verbose url resolved https://registry.npmjs.org/express
31 verbose request where is https://registry.npmjs.org/express
32 info trying registry request attempt 1 at 00:54:23
33 verbose etag "7FVLRT9Y9RQJKGVQC7099FKQ4"
34 http GET https://registry.npmjs.org/express
35 http 304 https://registry.npmjs.org/express
36 silly registry.get cb [ 304,
36 silly registry.get   { date: 'Sun, 12 Oct 2014 22:54:23 GMT',
36 silly registry.get     server: 'Apache',
36 silly registry.get     via: '1.1 varnish',
36 silly registry.get     'last-modified': 'Sun, 12 Oct 2014 22:54:17 GMT',
36 silly registry.get     'cache-control': 'max-age=60',
36 silly registry.get     etag: '"7FVLRT9Y9RQJKGVQC7099FKQ4"',
36 silly registry.get     age: '324',
36 silly registry.get     'x-served-by': 'cache-ams4123-AMS',
36 silly registry.get     'x-cache': 'HIT',
36 silly registry.get     'x-cache-hits': '2',
36 silly registry.get     'x-timer': 'S1413154463.957315,VS0,VE0',
36 silly registry.get     vary: 'Accept',
36 silly registry.get     'content-length': '0',
36 silly registry.get     'keep-alive': 'timeout=10, max=50',
36 silly registry.get     connection: 'Keep-Alive' } ]
37 verbose etag https://registry.npmjs.org/express from cache
38 silly addNameRange number 2 { name: 'express', range: '*', hasData: true }
39 silly addNameRange versions [ 'express',
39 silly addNameRange   [ '0.14.0',
39 silly addNameRange     '0.14.1',
39 silly addNameRange     '1.0.0',
39 silly addNameRange     '1.0.1',
39 silly addNameRange     '1.0.2',
39 silly addNameRange     '1.0.3',
39 silly addNameRange     '1.0.4',
39 silly addNameRange     '1.0.5',
39 silly addNameRange     '1.0.6',
39 silly addNameRange     '1.0.7',
39 silly addNameRange     '1.0.8',
39 silly addNameRange     '2.0.0',
39 silly addNameRange     '2.1.0',
39 silly addNameRange     '2.1.1',
39 silly addNameRange     '2.2.0',
39 silly addNameRange     '2.2.1',
39 silly addNameRange     '2.2.2',
39 silly addNameRange     '2.3.0',
39 silly addNameRange     '2.3.1',
39 silly addNameRange     '2.3.2',
39 silly addNameRange     '2.3.3',
39 silly addNameRange     '2.3.4',
39 silly addNameRange     '2.3.5',
39 silly addNameRange     '2.3.6',
39 silly addNameRange     '2.3.7',
39 silly addNameRange     '2.3.8',
39 silly addNameRange     '2.3.9',
39 silly addNameRange     '2.3.10',
39 silly addNameRange     '2.3.11',
39 silly addNameRange     '2.3.12',
39 silly addNameRange     '2.4.0',
39 silly addNameRange     '2.4.1',
39 silly addNameRange     '2.4.2',
39 silly addNameRange     '2.4.3',
39 silly addNameRange     '2.4.4',
39 silly addNameRange     '2.4.5',
39 silly addNameRange     '2.4.6',
39 silly addNameRange     '2.4.7',
39 silly addNameRange     '2.5.0',
39 silly addNameRange     '2.5.1',
39 silly addNameRange     '2.5.2',
39 silly addNameRange     '2.5.3',
39 silly addNameRange     '2.5.4',
39 silly addNameRange     '2.5.5',
39 silly addNameRange     '2.5.6',
39 silly addNameRange     '2.5.7',
39 silly addNameRange     '2.5.8',
39 silly addNameRange     '2.5.9',
39 silly addNameRange     '2.5.10',
39 silly addNameRange     '2.5.11',
39 silly addNameRange     '3.0.0',
39 silly addNameRange     '3.0.1',
39 silly addNameRange     '3.0.2',
39 silly addNameRange     '3.0.3',
39 silly addNameRange     '3.0.4',
39 silly addNameRange     '3.0.5',
39 silly addNameRange     '3.0.6',
39 silly addNameRange     '3.1.0',
39 silly addNameRange     '3.1.1',
39 silly addNameRange     '3.1.2',
39 silly addNameRange     '3.2.0',
39 silly addNameRange     '3.2.1',
39 silly addNameRange     '3.2.2',
39 silly addNameRange     '3.2.3',
39 silly addNameRange     '3.2.4',
39 silly addNameRange     '3.2.5',
39 silly addNameRange     '3.2.6',
39 silly addNameRange     '3.3.0',
39 silly addNameRange     '3.3.1',
39 silly addNameRange     '3.3.2',
39 silly addNameRange     '3.3.3',
39 silly addNameRange     '3.3.4',
39 silly addNameRange     '3.3.5',
39 silly addNameRange     '3.3.6',
39 silly addNameRange     '1.0.0-beta',
39 silly addNameRange     '1.0.0-beta2',
39 silly addNameRange     '1.0.0-rc',
39 silly addNameRange     '1.0.0-rc2',
39 silly addNameRange     '1.0.0-rc3',
39 silly addNameRange     '1.0.0-rc4',
39 silly addNameRange     '2.0.0-beta',
39 silly addNameRange     '2.0.0-beta2',
39 silly addNameRange     '2.0.0-beta3',
39 silly addNameRange     '2.0.0-rc',
39 silly addNameRange     '2.0.0-rc2',
39 silly addNameRange     '2.0.0-rc3',
39 silly addNameRange     '3.0.0-alpha1',
39 silly addNameRange     '3.0.0-alpha2',
39 silly addNameRange     '3.0.0-alpha3',
39 silly addNameRange     '3.0.0-alpha4',
39 silly addNameRange     '3.0.0-alpha5',
39 silly addNameRange     '3.0.0-beta1',
39 silly addNameRange     '3.0.0-beta2',
39 silly addNameRange     '3.0.0-beta3',
39 silly addNameRange     '3.0.0-beta4',
39 silly addNameRange     '3.0.0-beta6',
39 silly addNameRange     '3.0.0-beta7',
39 silly addNameRange     '3.0.0-rc1',
39 silly addNameRange     '3.0.0-rc2',
39 silly addNameRange     '3.0.0-rc3',
39 silly addNameRange     '3.0.0-rc4',
39 silly addNameRange     '3.0.0-rc5',
39 silly addNameRange     '3.3.7',
39 silly addNameRange     '3.3.8',
39 silly addNameRange     '3.4.0',
39 silly addNameRange     '3.4.1',
39 silly addNameRange     '3.4.2',
39 silly addNameRange     '3.4.3',
39 silly addNameRange     '3.4.4',
39 silly addNameRange     '3.4.5',
39 silly addNameRange     '3.4.6',
39 silly addNameRange     '3.4.7',
39 silly addNameRange     '3.4.8',
39 silly addNameRange     '4.0.0-rc1',
39 silly addNameRange     '4.0.0-rc2',
39 silly addNameRange     '3.5.0',
39 silly addNameRange     '4.0.0-rc3',
39 silly addNameRange     '4.0.0-rc4',
39 silly addNameRange     '3.5.1',
39 silly addNameRange     '4.0.0',
39 silly addNameRange     '3.5.2',
39 silly addNameRange     '4.1.0',
39 silly addNameRange     '4.1.1',
39 silly addNameRange     '3.5.3',
39 silly addNameRange     '4.1.2',
39 silly addNameRange     '3.6.0',
39 silly addNameRange     '4.2.0',
39 silly addNameRange     '3.7.0',
39 silly addNameRange     '3.8.0',
39 silly addNameRange     '4.3.0',
39 silly addNameRange     '4.3.1',
39 silly addNameRange     '3.8.1',
39 silly addNameRange     '4.3.2',
39 silly addNameRange     '3.9.0',
39 silly addNameRange     '4.4.0',
39 silly addNameRange     '4.4.1',
39 silly addNameRange     '3.10.0',
39 silly addNameRange     '3.10.1',
39 silly addNameRange     '3.10.2',
39 silly addNameRange     '3.10.3',
39 silly addNameRange     '3.10.4',
39 silly addNameRange     '4.4.2',
39 silly addNameRange     '3.10.5',
39 silly addNameRange     '4.4.3',
39 silly addNameRange     '3.11.0',
39 silly addNameRange     '4.4.4',
39 silly addNameRange     '3.12.0',
39 silly addNameRange     '3.12.1',
39 silly addNameRange     '4.4.5',
39 silly addNameRange     '3.13.0',
39 silly addNameRange     '4.5.0',
39 silly addNameRange     '4.5.1',
39 silly addNameRange     '3.14.0',
39 silly addNameRange     '4.6.0',
39 silly addNameRange     '4.6.1',
39 silly addNameRange     '3.15.0',
39 silly addNameRange     '4.7.0',
39 silly addNameRange     '3.15.1',
39 silly addNameRange     '4.7.1',
39 silly addNameRange     '3.15.2',
39 silly addNameRange     '4.7.2',
39 silly addNameRange     '4.7.3',
39 silly addNameRange     '3.15.3',
39 silly addNameRange     '4.7.4',
39 silly addNameRange     '3.16.0',
39 silly addNameRange     '4.8.0',
39 silly addNameRange     '3.16.1',
39 silly addNameRange     '4.8.1',
39 silly addNameRange     '3.16.2',
39 silly addNameRange     '4.8.2',
39 silly addNameRange     '3.16.3',
39 silly addNameRange     '3.16.4',
39 silly addNameRange     '4.8.3',
39 silly addNameRange     '3.16.5',
39 silly addNameRange     '3.16.6',
39 silly addNameRange     '4.8.4',
39 silly addNameRange     '3.16.7',
39 silly addNameRange     '4.8.5',
39 silly addNameRange     '3.16.8',
39 silly addNameRange     '4.8.6',
39 silly addNameRange     '3.16.9',
39 silly addNameRange     '4.8.7',
39 silly addNameRange     '3.16.10',
39 silly addNameRange     '4.8.8',
39 silly addNameRange     '3.17.0',
39 silly addNameRange     '3.17.1',
39 silly addNameRange     '4.9.0',
39 silly addNameRange     '3.17.2',
39 silly addNameRange     '4.9.1',
39 silly addNameRange     '4.9.2',
39 silly addNameRange     '3.17.3',
39 silly addNameRange     '4.9.3',
39 silly addNameRange     '3.17.4',
39 silly addNameRange     '4.9.4',
39 silly addNameRange     '3.17.5',
39 silly addNameRange     '4.9.5',
39 silly addNameRange     '3.17.6',
39 silly addNameRange     '3.17.7',
39 silly addNameRange     '4.9.6',
39 silly addNameRange     '4.9.7' ] ]
40 verbose addNamed [ 'express', '4.9.7' ]
41 verbose addNamed [ '4.9.7', '4.9.7' ]
42 silly lockFile dda28ed5-express-4-9-7 express@4.9.7
43 verbose lock express@4.9.7 /home/ronny/.npm/dda28ed5-express-4-9-7.lock
44 silly lockFile ff824e41-js-org-express-express-4-9-7-tgz https://registry.npmjs.org/express/-/express-4.9.7.tgz
45 verbose lock https://registry.npmjs.org/express/-/express-4.9.7.tgz /home/ronny/.npm/ff824e41-js-org-express-express-4-9-7-tgz.lock
46 verbose addRemoteTarball [ 'https://registry.npmjs.org/express/-/express-4.9.7.tgz',
46 verbose addRemoteTarball   'ae3e0bdf0095749467fde125afd77e7988ff0fbb' ]
47 info retry fetch attempt 1 at 00:54:23
48 verbose fetch to= /tmp/npm-12312-r2K9_TjA/registry.npmjs.org/express/-/express-4.9.7.tgz
49 http GET https://registry.npmjs.org/express/-/express-4.9.7.tgz
50 http 200 https://registry.npmjs.org/express/-/express-4.9.7.tgz
51 silly lockFile ff824e41-js-org-express-express-4-9-7-tgz https://registry.npmjs.org/express/-/express-4.9.7.tgz
52 silly lockFile ff824e41-js-org-express-express-4-9-7-tgz https://registry.npmjs.org/express/-/express-4.9.7.tgz
53 silly lockFile dda28ed5-express-4-9-7 express@4.9.7
54 silly lockFile dda28ed5-express-4-9-7 express@4.9.7
55 silly lockFile 64a534c1-express express@
56 silly lockFile 64a534c1-express express@
57 error Error: EACCES, mkdir '/home/ronny/.npm/express/4.9.7'
57 error  { [Error: EACCES, mkdir '/home/ronny/.npm/express/4.9.7']
57 error   errno: 3,
57 error   code: 'EACCES',
57 error   path: '/home/ronny/.npm/express/4.9.7',
57 error   parent: 'schalter' }
58 error Please try running this command again as root/Administrator.
59 error System Linux 3.13.11-03131102-generic
60 error command "/usr/bin/node" "/usr/bin/npm" "install" "--save" "express"
61 error cwd /home/ronny/git_managed_projects/schalter
62 error node -v v0.10.32
63 error npm -v 1.4.28
64 error path /home/ronny/.npm/express/4.9.7
65 error code EACCES
66 error errno 3
67 error stack Error: EACCES, mkdir '/home/ronny/.npm/express/4.9.7'
68 verbose exit [ 3, true ]
